<?xml version="1.0" encoding="UTF-8"?>
<testsuites>
	<testsuite errors="0" failures="0" file=".py" name="InterfaceTest-20190716060838" skipped="0" tests="6" time="7.149" timestamp="2019-07-16T06:08:46">
		<testcase classname="InterfaceTest" file="testtask_app/extend/run_task.py" line="143" name="test_run_casess_00001_40" time="2.033" timestamp="2019-07-16T06:08:40">
			<system-out>
<![CDATA[{
  "args": {}, 
  "data": "", 
  "files": {}, 
  "form": {
    "key1": "value1", 
    "key2": "value2"
  }, 
  "headers": {
    "Accept": "*/*", 
    "Accept-Encoding": "gzip, deflate", 
    "Content-Length": "23", 
    "Content-Type": "application/x-www-form-urlencoded", 
    "Host": "httpbin.org", 
    "User-Agent": "python-requests/2.21.0"
  }, 
  "json": null, 
  "origin": "202.106.49.22, 202.106.49.22", 
  "url": "https://httpbin.org/post"
}

]]>			</system-out>
			<system-err>
<![CDATA[]]>			</system-err>
		</testcase>
		<testcase classname="InterfaceTest" file="testtask_app/extend/run_task.py" line="143" name="test_run_casess_00002_41" time="1.021" timestamp="2019-07-16T06:08:41">
			<system-out>
<![CDATA[{
  "args": {}, 
  "data": "", 
  "files": {}, 
  "form": {
    "key1": "value1", 
    "key2": "value2"
  }, 
  "headers": {
    "Accept": "*/*", 
    "Accept-Encoding": "gzip, deflate", 
    "Content-Length": "23", 
    "Content-Type": "application/x-www-form-urlencoded", 
    "Host": "httpbin.org", 
    "User-Agent": "python-requests/2.21.0"
  }, 
  "json": null, 
  "origin": "202.106.49.22, 202.106.49.22", 
  "url": "https://httpbin.org/post"
}

]]>			</system-out>
			<system-err>
<![CDATA[]]>			</system-err>
		</testcase>
		<testcase classname="InterfaceTest" file="testtask_app/extend/run_task.py" line="143" name="test_run_casess_00003_43" time="1.023" timestamp="2019-07-16T06:08:42">
			<system-out>
<![CDATA[{
  "args": {}, 
  "data": "", 
  "files": {}, 
  "form": {
    "key1": "value1", 
    "key2": "value2"
  }, 
  "headers": {
    "Accept": "*/*", 
    "Accept-Encoding": "gzip, deflate", 
    "Content-Length": "23", 
    "Content-Type": "application/x-www-form-urlencoded", 
    "Host": "httpbin.org", 
    "User-Agent": "python-requests/2.21.0"
  }, 
  "json": null, 
  "origin": "202.106.49.22, 202.106.49.22", 
  "url": "https://httpbin.org/post"
}

]]>			</system-out>
			<system-err>
<![CDATA[]]>			</system-err>
		</testcase>
		<testcase classname="InterfaceTest" file="testtask_app/extend/run_task.py" line="143" name="test_run_casess_00004_42" time="1.023" timestamp="2019-07-16T06:08:43">
			<system-out>
<![CDATA[{
  "args": {}, 
  "data": "", 
  "files": {}, 
  "form": {
    "key1": "value1", 
    "key2": "value2"
  }, 
  "headers": {
    "Accept": "*/*", 
    "Accept-Encoding": "gzip, deflate", 
    "Content-Length": "23", 
    "Content-Type": "application/x-www-form-urlencoded", 
    "Host": "httpbin.org", 
    "User-Agent": "python-requests/2.21.0"
  }, 
  "json": null, 
  "origin": "202.106.49.22, 202.106.49.22", 
  "url": "https://httpbin.org/post"
}

]]>			</system-out>
			<system-err>
<![CDATA[]]>			</system-err>
		</testcase>
		<testcase classname="InterfaceTest" file="testtask_app/extend/run_task.py" line="143" name="test_run_casess_00005_38" time="1.028" timestamp="2019-07-16T06:08:45">
			<system-out>
<![CDATA[{
  "args": {}, 
  "data": "", 
  "files": {}, 
  "form": {
    "key1": "value1", 
    "key2": "value2"
  }, 
  "headers": {
    "Accept": "*/*", 
    "Accept-Encoding": "gzip, deflate", 
    "Content-Length": "23", 
    "Content-Type": "application/x-www-form-urlencoded", 
    "Host": "httpbin.org", 
    "User-Agent": "python-requests/2.21.0"
  }, 
  "json": null, 
  "origin": "202.106.49.22, 202.106.49.22", 
  "url": "https://httpbin.org/post"
}

]]>			</system-out>
			<system-err>
<![CDATA[]]>			</system-err>
		</testcase>
		<testcase classname="InterfaceTest" file="testtask_app/extend/run_task.py" line="143" name="test_run_casess_00006_39" time="1.020" timestamp="2019-07-16T06:08:46">
			<system-out>
<![CDATA[{
  "args": {}, 
  "data": "", 
  "files": {}, 
  "form": {
    "key1": "value1", 
    "key2": "value2"
  }, 
  "headers": {
    "Accept": "*/*", 
    "Accept-Encoding": "gzip, deflate", 
    "Content-Length": "23", 
    "Content-Type": "application/x-www-form-urlencoded", 
    "Host": "httpbin.org", 
    "User-Agent": "python-requests/2.21.0"
  }, 
  "json": null, 
  "origin": "202.106.49.22, 202.106.49.22", 
  "url": "https://httpbin.org/post"
}

]]>			</system-out>
			<system-err>
<![CDATA[]]>			</system-err>
		</testcase>
	</testsuite>
</testsuites>
